c:\users\rollingt\dropbox\ass2solution\kit205code\kit205code\debug\vc141.pdb
c:\users\rollingt\dropbox\ass2solution\kit205code\kit205code\debug\vc141.idb
c:\users\rollingt\dropbox\ass2solution\kit205code\kit205code\debug\bst.obj
c:\users\rollingt\dropbox\ass2solution\kit205code\kit205code\debug\graph.obj
c:\users\rollingt\dropbox\ass2solution\kit205code\kit205code\debug\list.obj
c:\users\rollingt\dropbox\ass2solution\kit205code\kit205code\debug\test.obj
c:\users\rollingt\dropbox\ass2solution\kit205code\kit205code\debug\week9.obj
m:\kit205\2018\assig2\kit205assig2\kit205code\debug\vc141.pdb
m:\kit205\2018\assig2\kit205assig2\kit205code\debug\vc141.idb
m:\kit205\2018\assig2\kit205assig2\kit205code\debug\graph.obj
c:\users\rollingt\dropbox\ass2solution\kit205code\debug\kit205code.ilk
c:\users\rollingt\dropbox\ass2solution\kit205code\debug\kit205code.exe
c:\users\rollingt\dropbox\ass2solution\kit205code\debug\kit205code.pdb
m:\kit205\2018\assig2\kit205assig2\debug\kit205code.pdb
m:\kit205\2018\assig2\kit205assig2\kit205code\debug\test.obj
m:\kit205\2018\assig2\kit205assig2\kit205code\debug\main.obj
m:\kit205\2018\assig2\kit205assig2\kit205code\debug\bst.obj
m:\kit205\2018\assig2\kit205assig2\kit205code\debug\list.obj
m:\kit205\2018\assig2\kit205assig2\kit205code\debug\week9.obj
m:\kit205\2018\assig2\kit205assig2\debug\kit205code.exe
m:\kit205\2018\assig2\kit205assig2\debug\kit205code.ilk
m:\kit205\2018\assig2\kit205assig2\kit205code\debug\kit205code.tlog\cl.write.1.tlog
m:\kit205\2018\assig2\kit205assig2\kit205code\debug\kit205code.tlog\cl.command.1.tlog
m:\kit205\2018\assig2\kit205assig2\kit205code\debug\kit205code.tlog\link.command.1.tlog
m:\kit205\2018\assig2\kit205assig2\kit205code\debug\kit205code.tlog\link.read.1.tlog
m:\kit205\2018\assig2\kit205assig2\kit205code\debug\kit205code.tlog\cl.read.1.tlog
m:\kit205\2018\assig2\kit205assig2\kit205code\debug\kit205code.tlog\link.write.1.tlog
